# JRE version: OpenJDK Runtime Environment (11.0.11+9) (build 11.0.11+9-b60-7590822)
# Java VM: OpenJDK 64-Bit Server VM (11.0.11+9-b60-7590822, mixed mode, tiered, compressed oops, g1 gc, windows-amd64)
Heap:
 garbage-first heap   total 374784K, used 201310K [0x0000000703200000, 0x0000000800000000)
  region size 1024K, 94 young (96256K), 22 survivors (22528K)
 Metaspace       used 85166K, capacity 86014K, committed 86096K, reserved 1126400K
  class space    used 8923K, capacity 9268K, committed 9292K, reserved 1048576K
GC Heap History (20 events):
Event: 1.660 GC heap before
{Heap before GC invocations=3 (full 0):
 garbage-first heap   total 260096K, used 65769K [0x0000000703200000, 0x0000000800000000)
  region size 1024K, 58 young (59392K), 7 survivors (7168K)
 Metaspace       used 31995K, capacity 32407K, committed 32688K, reserved 1077248K
  class space    used 3829K, capacity 4032K, committed 4096K, reserved 1048576K
}
Event: 1.670 GC heap after
{Heap after GC invocations=4 (full 0):
 garbage-first heap   total 260096K, used 18876K [0x0000000703200000, 0x0000000800000000)
  region size 1024K, 8 young (8192K), 8 survivors (8192K)
 Metaspace       used 31995K, capacity 32407K, committed 32688K, reserved 1077248K
  class space    used 3829K, capacity 4032K, committed 4096K, reserved 1048576K
}
Event: 1.885 GC heap before
{Heap before GC invocations=4 (full 0):
 garbage-first heap   total 260096K, used 35260K [0x0000000703200000, 0x0000000800000000)
  region size 1024K, 22 young (22528K), 8 survivors (8192K)
 Metaspace       used 33835K, capacity 34339K, committed 34608K, reserved 1079296K
  class space    used 4230K, capacity 4418K, committed 4480K, reserved 1048576K
}
Event: 1.894 GC heap after
{Heap after GC invocations=5 (full 0):
 garbage-first heap   total 260096K, used 24437K [0x0000000703200000, 0x0000000800000000)
  region size 1024K, 3 young (3072K), 3 survivors (3072K)
 Metaspace       used 33835K, capacity 34339K, committed 34608K, reserved 1079296K
  class space    used 4230K, capacity 4418K, committed 4480K, reserved 1048576K
}
Event: 2.003 GC heap before
{Heap before GC invocations=5 (full 0):
 garbage-first heap   total 260096K, used 30581K [0x0000000703200000, 0x0000000800000000)
  region size 1024K, 10 young (10240K), 3 survivors (3072K)
 Metaspace       used 35268K, capacity 35715K, committed 35920K, reserved 1081344K
  class space    used 4387K, capacity 4578K, committed 4608K, reserved 1048576K
}
Event: 2.007 GC heap after
{Heap after GC invocations=6 (full 0):
 garbage-first heap   total 312320K, used 25347K [0x0000000703200000, 0x0000000800000000)
  region size 1024K, 4 young (4096K), 4 survivors (4096K)
 Metaspace       used 35268K, capacity 35715K, committed 35920K, reserved 1081344K
  class space    used 4387K, capacity 4578K, committed 4608K, reserved 1048576K
}
Event: 2.908 GC heap before
{Heap before GC invocations=7 (full 0):
 garbage-first heap   total 312320K, used 90883K [0x0000000703200000, 0x0000000800000000)
  region size 1024K, 67 young (68608K), 4 survivors (4096K)
 Metaspace       used 45106K, capacity 45655K, committed 45852K, reserved 1089536K
  class space    used 5342K, capacity 5557K, committed 5580K, reserved 1048576K
}
Event: 2.914 GC heap after
{Heap after GC invocations=8 (full 0):
 garbage-first heap   total 312320K, used 31933K [0x0000000703200000, 0x0000000800000000)
  region size 1024K, 9 young (9216K), 9 survivors (9216K)
 Metaspace       used 45106K, capacity 45655K, committed 45852K, reserved 1089536K
  class space    used 5342K, capacity 5557K, committed 5580K, reserved 1048576K
}
Event: 4.073 GC heap before
{Heap before GC invocations=8 (full 0):
 garbage-first heap   total 312320K, used 131261K [0x0000000703200000, 0x0000000800000000)
  region size 1024K, 103 young (105472K), 9 survivors (9216K)
 Metaspace       used 53056K, capacity 53685K, committed 53916K, reserved 1097728K
  class space    used 6136K, capacity 6366K, committed 6476K, reserved 1048576K
}
Event: 4.085 GC heap after
{Heap after GC invocations=9 (full 0):
 garbage-first heap   total 312320K, used 44492K [0x0000000703200000, 0x0000000800000000)
  region size 1024K, 13 young (13312K), 13 survivors (13312K)
 Metaspace       used 53056K, capacity 53685K, committed 53916K, reserved 1097728K
  class space    used 6136K, capacity 6366K, committed 6476K, reserved 1048576K
}
Event: 5.219 GC heap before
{Heap before GC invocations=9 (full 0):
 garbage-first heap   total 312320K, used 116172K [0x0000000703200000, 0x0000000800000000)
  region size 1024K, 84 young (86016K), 13 survivors (13312K)
 Metaspace       used 59491K, capacity 60266K, committed 60420K, reserved 1103872K
  class space    used 6791K, capacity 7099K, committed 7116K, reserved 1048576K
}
Event: 5.247 GC heap after
{Heap after GC invocations=10 (full 0):
 garbage-first heap   total 312320K, used 53966K [0x0000000703200000, 0x0000000800000000)
  region size 1024K, 16 young (16384K), 16 survivors (16384K)
 Metaspace       used 59491K, capacity 60266K, committed 60420K, reserved 1103872K
  class space    used 6791K, capacity 7099K, committed 7116K, reserved 1048576K
}
Event: 6.719 GC heap before
{Heap before GC invocations=11 (full 0):
 garbage-first heap   total 312320K, used 163534K [0x0000000703200000, 0x0000000800000000)
  region size 1024K, 122 young (124928K), 16 survivors (16384K)
 Metaspace       used 63143K, capacity 63873K, committed 64208K, reserved 1105920K
  class space    used 6991K, capacity 7311K, committed 7372K, reserved 1048576K
}
Event: 6.734 GC heap after
{Heap after GC invocations=12 (full 0):
 garbage-first heap   total 312320K, used 65821K [0x0000000703200000, 0x0000000800000000)
  region size 1024K, 11 young (11264K), 11 survivors (11264K)
 Metaspace       used 63143K, capacity 63873K, committed 64208K, reserved 1105920K
  class space    used 6991K, capacity 7311K, committed 7372K, reserved 1048576K
}
Event: 7.896 GC heap before
{Heap before GC invocations=12 (full 0):
 garbage-first heap   total 312320K, used 185629K [0x0000000703200000, 0x0000000800000000)
  region size 1024K, 125 young (128000K), 11 survivors (11264K)
 Metaspace       used 64303K, capacity 65054K, committed 65232K, reserved 1107968K
  class space    used 7035K, capacity 7358K, committed 7372K, reserved 1048576K
}
Event: 7.910 GC heap after
{Heap after GC invocations=13 (full 0):
 garbage-first heap   total 374784K, used 81583K [0x0000000703200000, 0x0000000800000000)
  region size 1024K, 14 young (14336K), 14 survivors (14336K)
 Metaspace       used 64303K, capacity 65054K, committed 65232K, reserved 1107968K
  class space    used 7035K, capacity 7358K, committed 7372K, reserved 1048576K
}
Event: 10.621 GC heap before
{Heap before GC invocations=13 (full 0):
 garbage-first heap   total 374784K, used 259759K [0x0000000703200000, 0x0000000800000000)
  region size 1024K, 188 young (192512K), 14 survivors (14336K)
 Metaspace       used 73107K, capacity 73921K, committed 74064K, reserved 1116160K
  class space    used 7818K, capacity 8140K, committed 8268K, reserved 1048576K
}
Event: 10.639 GC heap after
{Heap after GC invocations=14 (full 0):
 garbage-first heap   total 374784K, used 95346K [0x0000000703200000, 0x0000000800000000)
  region size 1024K, 14 young (14336K), 14 survivors (14336K)
 Metaspace       used 73107K, capacity 73921K, committed 74064K, reserved 1116160K
  class space    used 7818K, capacity 8140K, committed 8268K, reserved 1048576K
}
Event: 12.088 GC heap before
{Heap before GC invocations=14 (full 0):
 garbage-first heap   total 374784K, used 261234K [0x0000000703200000, 0x0000000800000000)
  region size 1024K, 176 young (180224K), 14 survivors (14336K)
 Metaspace       used 77746K, capacity 78628K, committed 78800K, reserved 1120256K
  class space    used 8210K, capacity 8557K, committed 8652K, reserved 1048576K
}
Event: 12.115 GC heap after
{Heap after GC invocations=15 (full 0):
 garbage-first heap   total 374784K, used 128606K [0x0000000703200000, 0x0000000800000000)
  region size 1024K, 22 young (22528K), 22 survivors (22528K)
 Metaspace       used 77746K, capacity 78628K, committed 78800K, reserved 1120256K
  class space    used 8210K, capacity 8557K, committed 8652K, reserved 1048576K
}

