# JRE version: OpenJDK Runtime Environment (11.0.11+9) (build 11.0.11+9-b60-7590822)
# Java VM: OpenJDK 64-Bit Server VM (11.0.11+9-b60-7590822, mixed mode, tiered, compressed oops, g1 gc, windows-amd64)
Heap:
 garbage-first heap   total 428032K, used 255920K [0x0000000703200000, 0x0000000800000000)
  region size 1024K, 183 young (187392K), 14 survivors (14336K)
 Metaspace       used 73651K, capacity 74497K, committed 74800K, reserved 1116160K
  class space    used 7865K, capacity 8204K, committed 8320K, reserved 1048576K
GC Heap History (18 events):
Event: 0.344 GC heap before
{Heap before GC invocations=0 (full 0):
 garbage-first heap   total 260096K, used 27648K [0x0000000703200000, 0x0000000800000000)
  region size 1024K, 24 young (24576K), 0 survivors (0K)
 Metaspace       used 12338K, capacity 12504K, committed 12800K, reserved 1060864K
  class space    used 1161K, capacity 1207K, committed 1280K, reserved 1048576K
}
Event: 0.346 GC heap after
{Heap after GC invocations=1 (full 0):
 garbage-first heap   total 260096K, used 5914K [0x0000000703200000, 0x0000000800000000)
  region size 1024K, 3 young (3072K), 3 survivors (3072K)
 Metaspace       used 12338K, capacity 12504K, committed 12800K, reserved 1060864K
  class space    used 1161K, capacity 1207K, committed 1280K, reserved 1048576K
}
Event: 0.738 GC heap before
{Heap before GC invocations=1 (full 0):
 garbage-first heap   total 260096K, used 42778K [0x0000000703200000, 0x0000000800000000)
  region size 1024K, 40 young (40960K), 3 survivors (3072K)
 Metaspace       used 20923K, capacity 21149K, committed 21296K, reserved 1069056K
  class space    used 2231K, capacity 2354K, committed 2432K, reserved 1048576K
}
Event: 0.747 GC heap after
{Heap after GC invocations=2 (full 0):
 garbage-first heap   total 260096K, used 9368K [0x0000000703200000, 0x0000000800000000)
  region size 1024K, 7 young (7168K), 7 survivors (7168K)
 Metaspace       used 20923K, capacity 21149K, committed 21296K, reserved 1069056K
  class space    used 2231K, capacity 2354K, committed 2432K, reserved 1048576K
}
Event: 1.283 GC heap before
{Heap before GC invocations=3 (full 0):
 garbage-first heap   total 260096K, used 65688K [0x0000000703200000, 0x0000000800000000)
  region size 1024K, 58 young (59392K), 7 survivors (7168K)
 Metaspace       used 31982K, capacity 32407K, committed 32688K, reserved 1077248K
  class space    used 3829K, capacity 4032K, committed 4096K, reserved 1048576K
}
Event: 1.291 GC heap after
{Heap after GC invocations=4 (full 0):
 garbage-first heap   total 260096K, used 18831K [0x0000000703200000, 0x0000000800000000)
  region size 1024K, 8 young (8192K), 8 survivors (8192K)
 Metaspace       used 31982K, capacity 32407K, committed 32688K, reserved 1077248K
  class space    used 3829K, capacity 4032K, committed 4096K, reserved 1048576K
}
Event: 1.483 GC heap before
{Heap before GC invocations=4 (full 0):
 garbage-first heap   total 260096K, used 41359K [0x0000000703200000, 0x0000000800000000)
  region size 1024K, 29 young (29696K), 8 survivors (8192K)
 Metaspace       used 35274K, capacity 35715K, committed 35920K, reserved 1081344K
  class space    used 4391K, capacity 4578K, committed 4608K, reserved 1048576K
}
Event: 1.490 GC heap after
{Heap after GC invocations=5 (full 0):
 garbage-first heap   total 260096K, used 25449K [0x0000000703200000, 0x0000000800000000)
  region size 1024K, 13 young (13312K), 13 survivors (13312K)
 Metaspace       used 35274K, capacity 35715K, committed 35920K, reserved 1081344K
  class space    used 4391K, capacity 4578K, committed 4608K, reserved 1048576K
}
Event: 1.717 GC heap before
{Heap before GC invocations=6 (full 0):
 garbage-first heap   total 260096K, used 62313K [0x0000000703200000, 0x0000000800000000)
  region size 1024K, 48 young (49152K), 13 survivors (13312K)
 Metaspace       used 39051K, capacity 39530K, committed 39728K, reserved 1083392K
  class space    used 4776K, capacity 4972K, committed 4992K, reserved 1048576K
}
Event: 1.725 GC heap after
{Heap after GC invocations=7 (full 0):
 garbage-first heap   total 312320K, used 29567K [0x0000000703200000, 0x0000000800000000)
  region size 1024K, 6 young (6144K), 6 survivors (6144K)
 Metaspace       used 39051K, capacity 39530K, committed 39728K, reserved 1083392K
  class space    used 4776K, capacity 4972K, committed 4992K, reserved 1048576K
}
Event: 2.924 GC heap before
{Heap before GC invocations=7 (full 0):
 garbage-first heap   total 312320K, used 151423K [0x0000000703200000, 0x0000000800000000)
  region size 1024K, 123 young (125952K), 6 survivors (6144K)
 Metaspace       used 52911K, capacity 53482K, committed 53680K, reserved 1097728K
  class space    used 6134K, capacity 6365K, committed 6400K, reserved 1048576K
}
Event: 2.934 GC heap after
{Heap after GC invocations=8 (full 0):
 garbage-first heap   total 312320K, used 43734K [0x0000000703200000, 0x0000000800000000)
  region size 1024K, 16 young (16384K), 16 survivors (16384K)
 Metaspace       used 52911K, capacity 53482K, committed 53680K, reserved 1097728K
  class space    used 6134K, capacity 6365K, committed 6400K, reserved 1048576K
}
Event: 4.058 GC heap before
{Heap before GC invocations=8 (full 0):
 garbage-first heap   total 312320K, used 120534K [0x0000000703200000, 0x0000000800000000)
  region size 1024K, 92 young (94208K), 16 survivors (16384K)
 Metaspace       used 59539K, capacity 60298K, committed 60336K, reserved 1101824K
  class space    used 6801K, capacity 7131K, committed 7168K, reserved 1048576K
}
Event: 4.103 GC heap after
{Heap after GC invocations=9 (full 0):
 garbage-first heap   total 312320K, used 54858K [0x0000000703200000, 0x0000000800000000)
  region size 1024K, 12 young (12288K), 12 survivors (12288K)
 Metaspace       used 59539K, capacity 60298K, committed 60336K, reserved 1101824K
  class space    used 6801K, capacity 7131K, committed 7168K, reserved 1048576K
}
Event: 5.406 GC heap before
{Heap before GC invocations=10 (full 0):
 garbage-first heap   total 312320K, used 175690K [0x0000000703200000, 0x0000000800000000)
  region size 1024K, 129 young (132096K), 12 survivors (12288K)
 Metaspace       used 62992K, capacity 63809K, committed 64176K, reserved 1105920K
  class space    used 6989K, capacity 7311K, committed 7424K, reserved 1048576K
}
Event: 5.418 GC heap after
{Heap after GC invocations=11 (full 0):
 garbage-first heap   total 312320K, used 68275K [0x0000000703200000, 0x0000000800000000)
  region size 1024K, 12 young (12288K), 12 survivors (12288K)
 Metaspace       used 62992K, capacity 63809K, committed 64176K, reserved 1105920K
  class space    used 6989K, capacity 7311K, committed 7424K, reserved 1048576K
}
Event: 7.037 GC heap before
{Heap before GC invocations=11 (full 0):
 garbage-first heap   total 312320K, used 196275K [0x0000000703200000, 0x0000000800000000)
  region size 1024K, 134 young (137216K), 12 survivors (12288K)
 Metaspace       used 64518K, capacity 65273K, committed 65456K, reserved 1107968K
  class space    used 7046K, capacity 7366K, committed 7424K, reserved 1048576K
}
Event: 7.053 GC heap after
{Heap after GC invocations=12 (full 0):
 garbage-first heap   total 428032K, used 83888K [0x0000000703200000, 0x0000000800000000)
  region size 1024K, 14 young (14336K), 14 survivors (14336K)
 Metaspace       used 64518K, capacity 65273K, committed 65456K, reserved 1107968K
  class space    used 7046K, capacity 7366K, committed 7424K, reserved 1048576K
}

